<?xml version="1.0" encoding="UTF-8"?>
<testng-results skipped="0" failed="0" ignored="0" total="1" passed="1">
  <reporter-output>
  </reporter-output>
  <suite name="Default suite" duration-ms="22780" started-at="2019-10-21T18:58:24 IST" finished-at="2019-10-21T18:58:47 IST">
    <groups>
    </groups>
    <test name="Default test" duration-ms="22780" started-at="2019-10-21T18:58:24 IST" finished-at="2019-10-21T18:58:47 IST">
      <class name="Basics.extentReport">
        <test-method status="PASS" signature="reportintialise()[pri:0, instance:Basics.extentReport@5d76b067]" name="reportintialise" duration-ms="22681" started-at="2019-10-21T18:58:24 IST" finished-at="2019-10-21T18:58:47 IST">
          <reporter-output>
          </reporter-output>
        </test-method> <!-- reportintialise -->
      </class> <!-- Basics.extentReport -->
    </test> <!-- Default test -->
  </suite> <!-- Default suite -->
</testng-results>
